==================================
Date: 08-03-2016 17:38:39
Type: E_USER_ERROR
Message: Действие [contacts] не существует!
File: D:\xampp\htdocs\system\components\Load.php
Line: 46
------------------
VARS

$_SERVER = Array
(
    [REDIRECT_MIBDIRS] => D:/xampp/php/extras/mibs
    [REDIRECT_MYSQL_HOME] => \xampp\mysql\bin
    [REDIRECT_OPENSSL_CONF] => D:/xampp/apache/bin/openssl.cnf
    [REDIRECT_PHP_PEAR_SYSCONF_DIR] => \xampp\php
    [REDIRECT_PHPRC] => \xampp\php
    [REDIRECT_TMP] => \xampp\tmp
    [REDIRECT_STATUS] => 200
    [MIBDIRS] => D:/xampp/php/extras/mibs
    [MYSQL_HOME] => \xampp\mysql\bin
    [OPENSSL_CONF] => D:/xampp/apache/bin/openssl.cnf
    [PHP_PEAR_SYSCONF_DIR] => \xampp\php
    [PHPRC] => \xampp\php
    [TMP] => \xampp\tmp
    [HTTP_HOST] => 127.0.0.1
    [HTTP_USER_AGENT] => Mozilla/5.0 (Windows NT 6.3; WOW64; rv:44.0) Gecko/20100101 Firefox/44.0
    [HTTP_ACCEPT] => text/html,application/xhtml+xml,application/xml;q=0.9,*/*;q=0.8
    [HTTP_ACCEPT_LANGUAGE] => ru-RU,ru;q=0.8,en-US;q=0.5,en;q=0.3
    [HTTP_ACCEPT_ENCODING] => gzip, deflate
    [HTTP_COOKIE] => login=madbizarre; pass=j3qq4h7h2v; _ym_uid=1446466934979138347; jv_visits_count_SnnfODl38I=2; jv_client_id_SnnfODl38I=7551.0ZmbjiUCF6PZh53L%2F1h7W2lPFyK7TbRiEB1S88wHk5A; _ga=GA1.1.856071082.1446640200; email=madbizarre%40yandex.ru; __utma=96992031.856071082.1446640200.1456078081.1456133645.9; __utmz=96992031.1455453106.1.1.utmcsr=(direct)|utmccn=(direct)|utmcmd=(none); password=j3qq4h7h2v; _identity=8f5b116f06c0faea7bb8999185d7ea7fea06bcd6d8093d64a0b12c4b0a068e0ba%3A2%3A%7Bi%3A0%3Bs%3A9%3A%22_identity%22%3Bi%3A1%3Bs%3A46%3A%22%5B1%2C%22wJOn0cNP5UNzTWwaj_okpAUAO5H2owA4%22%2C2592000%5D%22%3B%7D; PHPSESSID=1gkfarctrsb6jvemr3n6ng5ee0
    [HTTP_CONNECTION] => keep-alive
    [PATH] => C:\Windows\system32;C:\Windows;C:\Windows\System32\Wbem;C:\Windows\System32\WindowsPowerShell\v1.0\;C:\Program Files (x86)\NVIDIA Corporation\PhysX\Common;C:\Program Files\Git\cmd;C:\Program Files (x86)\Skype\Phone\
    [SystemRoot] => C:\Windows
    [COMSPEC] => C:\Windows\system32\cmd.exe
    [PATHEXT] => .COM;.EXE;.BAT;.CMD;.VBS;.VBE;.JS;.JSE;.WSF;.WSH;.MSC
    [WINDIR] => C:\Windows
    [SERVER_SIGNATURE] => <address>Apache/2.4.7 (Win32) OpenSSL/1.0.1e PHP/5.5.9 Server at 127.0.0.1 Port 80</address>

    [SERVER_SOFTWARE] => Apache/2.4.7 (Win32) OpenSSL/1.0.1e PHP/5.5.9
    [SERVER_NAME] => 127.0.0.1
    [SERVER_ADDR] => 127.0.0.1
    [SERVER_PORT] => 80
    [REMOTE_ADDR] => 127.0.0.1
    [DOCUMENT_ROOT] => D:/xampp/htdocs
    [REQUEST_SCHEME] => http
    [CONTEXT_PREFIX] => 
    [CONTEXT_DOCUMENT_ROOT] => D:/xampp/htdocs
    [SERVER_ADMIN] => postmaster@localhost
    [SCRIPT_FILENAME] => D:/xampp/htdocs/index.php
    [REMOTE_PORT] => 49586
    [REDIRECT_URL] => /page/contacts
    [GATEWAY_INTERFACE] => CGI/1.1
    [SERVER_PROTOCOL] => HTTP/1.1
    [REQUEST_METHOD] => GET
    [QUERY_STRING] => 
    [REQUEST_URI] => /page/contacts
    [SCRIPT_NAME] => /index.php
    [PATH_INFO] => /page/contacts
    [PATH_TRANSLATED] => redirect:\index.php\page\contacts\contacts
    [PHP_SELF] => /index.php/page/contacts
    [REQUEST_TIME_FLOAT] => 1457447919.181
    [REQUEST_TIME] => 1457447919
)

$_GET = Array
(
)

$_POST = Array
(
)

$_COOKIE = Array
(
    [login] => madbizarre
    [pass] => j3qq4h7h2v
    [_ym_uid] => 1446466934979138347
    [jv_visits_count_SnnfODl38I] => 2
    [jv_client_id_SnnfODl38I] => 7551.0ZmbjiUCF6PZh53L/1h7W2lPFyK7TbRiEB1S88wHk5A
    [_ga] => GA1.1.856071082.1446640200
    [email] => madbizarre@yandex.ru
    [__utma] => 96992031.856071082.1446640200.1456078081.1456133645.9
    [__utmz] => 96992031.1455453106.1.1.utmcsr=(direct)|utmccn=(direct)|utmcmd=(none)
    [password] => j3qq4h7h2v
    [_identity] => 8f5b116f06c0faea7bb8999185d7ea7fea06bcd6d8093d64a0b12c4b0a068e0ba:2:{i:0;s:9:"_identity";i:1;s:46:"[1,"wJOn0cNP5UNzTWwaj_okpAUAO5H2owA4",2592000]";}
    [PHPSESSID] => 1gkfarctrsb6jvemr3n6ng5ee0
)

$_SESSION = Array
(
    [currency] => byr
    [vmode] => list
)
------------------
TRACE

#0  Log::getDebugBacktrace() called at [D:\xampp\htdocs\system\components\Log.php:171]
#1  Log::_getLogErrorMessage(256, Действие [contacts] не существует!, D:\xampp\htdocs\system\components\Load.php, 46) called at [D:\xampp\htdocs\system\components\Log.php:62]
#2  Log::myErrorHandler(256, Действие [contacts] не существует!, D:\xampp\htdocs\system\components\Load.php, 46, Array ([controller] => page,[action] => contactsAction,[controller_name] => page_Controller,[controller_path] => system/controllers/page_controller.php,[controller_obj] => Page_Controller Object ([] => Array ([left] => <ul class="list-group left-menu"><li><a href="/recepty/novogodniy-stol" class="list-group-item "><span class="badge">24</span>Новогодний стол</a></li><li><a href="/recepty/salaty" class="list-group-item "><span class="badge">57</span>Салаты</a><ul class="list-group hidden-sm hidden-xs"><li><a href="/recepty/myasnye-salaty" class="list-group-item">Мясные салаты (32)</a></li><li><a href="/recepty/rybnye-salaty" class="list-group-item">Рыбные салаты (15)</a></li><li><a href="/recepty/ovoschnye-salaty" class="list-group-item">Овощные салаты (7)</a></li></ul></li><li><a href="/recepty/pervye-blyuda" class="list-group-item "><span class="badge">7</span>Первые блюда</a><ul class="list-group hidden-sm hidden-xs"><li><a href="/recepty/borsch" class="list-group-item">Борщ (1)</a></li><li><a href="/recepty/sup" class="list-group-item">Суп (6)</a></li><li><a href="/recepty/solyanka" class="list-group-item">Солянка (0)</a></li><li><a href="/recepty/holodnye-supy" class="list-group-item">Холодные супы (0)</a></li></ul></li><li><a href="/recepty/vtorye-blyuda" class="list-group-item "><span class="badge">124</span>Вторые блюда</a><ul class="list-group hidden-sm hidden-xs"><li><a href="/recepty/blyuda-iz-myasa" class="list-group-item">Блюда из мяса (23)</a></li><li><a href="/recepty/blyuda-s-makaronnymi-izdeliyami" class="list-group-item">Блюда с макаронными изделиями (6)</a></li><li><a href="/recepty/blyuda-iz-ovoschey" class="list-group-item">Блюда из овощей (7)</a></li><li><a href="/recepty/blyuda-iz-pticy" class="list-group-item">Блюда из птицы (35)</a></li><li><a href="/recepty/blyuda-iz-gribov" class="list-group-item">Блюда из грибов (9)</a></li><li><a href="/recepty/blyuda-iz-kartofelya" class="list-group-item">Блюда из картофеля (22)</a></li><li><a href="/recepty/blyuda-iz-ryby-i-moreproduktov" class="list-group-item">Блюда из рыбы и морепродуктов (18)</a></li><li><a href="/recepty/blyuda-iz-risa" class="list-group-item">Блюда из риса (2)</a></li><li><a href="/recepty/zapekanka" class="list-group-item">Запеканка (13)</a></li><li><a href="/recepty/lazanya" class="list-group-item">Лазанья (1)</a></li><li><a href="/recepty/pelmeni-vareniki-hinkali-manty" class="list-group-item">Пельмени, вареники, хинкали, манты (2)</a></li><li><a href="/recepty/kashi" class="list-group-item">Каши (0)</a></li></ul></li><li><a href="/recepty/testo" class="list-group-item "><span class="badge">77</span>Тесто</a><ul class="list-group hidden-sm hidden-xs"><li><a href="/recepty/sloennoe-testo" class="list-group-item">Слоенное тесто (7)</a></li><li><a href="/recepty/solenaya-vypechka" class="list-group-item">Соленая выпечка (19)</a></li><li><a href="/recepty/sladkaya-vypechka" class="list-group-item">Сладкая выпечка (31)</a></li><li><a href="/recepty/bliny-oladi" class="list-group-item">Блины, оладьи (11)</a></li><li><a href="/recepty/picca" class="list-group-item">Пицца (3)</a></li><li><a href="/recepty/belyashi-chebureki-ponchiki-pirozhki" class="list-group-item">Беляши, чебуреки, пончики, пирожки (8)</a></li></ul></li><li><a href="/recepty/zakuski" class="list-group-item "><span class="badge">42</span>Закуски</a><ul class="list-group hidden-sm hidden-xs"><li><a href="/recepty/zakuski-myasnye" class="list-group-item">Закуски мясные (4)</a></li><li><a href="/recepty/zakuski-rybnye" class="list-group-item">Закуски рыбные (5)</a></li><li><a href="/recepty/zakuski-ovoschnye" class="list-group-item">Закуски овощные (9)</a></li><li><a href="/recepty/buterbrody-sandvichi-kanape" class="list-group-item">Бутерброды, сандвичи, канапе (4)</a></li><li><a href="/recepty/lavash" class="list-group-item">Лаваш (7)</a></li><li><a href="/recepty/solenye-torty" class="list-group-item">соленые торты (7)</a></li></ul></li><li><a href="/recepty/deserty" class="list-group-item "><span class="badge">97</span>Десерты</a><ul class="list-group hidden-sm hidden-xs"><li><a href="/recepty/torty" class="list-group-item">Торты (26)</a></li><li><a href="/recepty/pechene" class="list-group-item">Печенье (14)</a></li><li><a href="/recepty/konfety" class="list-group-item">Конфеты (4)</a></li><li><a href="/recepty/vkusnyashki" class="list-group-item">Вкусняшки (40)</a></li><li><a href="/recepty/pirozhnoe" class="list-group-item">Пирожное (7)</a></li><li><a href="/recepty/blyuda-iz-tvoroga" class="list-group-item">Блюда из творога (10)</a></li></ul></li><li><a href="/recepty/raznoe" class="list-group-item "><span class="badge">25</span>Разное</a><ul class="list-group hidden-sm hidden-xs"><li><a href="/recepty/krem" class="list-group-item">Крем (1)</a></li><li><a href="/recepty/sousy" class="list-group-item">Соусы (2)</a></li><li><a href="/recepty/propitki" class="list-group-item">Пропитки (0)</a></li><li><a href="/recepty/zavtraki" class="list-group-item">Завтраки (20)</a></li><li><a href="/recepty/napitki" class="list-group-item">Напитки (2)</a></li></ul></li><li><a href="/recepty/zagotovki-na-zimu" class="list-group-item "><span class="badge">2</span>Заготовки на зиму</a><ul class="list-group hidden-sm hidden-xs"><li><a href="/recepty/ogurcy" class="list-group-item">Огурцы (0)</a></li><li><a href="/recepty/pomidory" class="list-group-item">Помидоры (0)</a></li><li><a href="/recepty/salat" class="list-group-item">Салат (0)</a></li><li><a href="/recepty/varene" class="list-group-item">Варенье (1)</a></li></ul></li></ul>))))
#3  trigger_error(Действие [contacts] не существует!, 256) called at [D:\xampp\htdocs\system\components\Load.php:46]
#4  Load::controller(page, contactsAction) called at [D:\xampp\htdocs\system\controllers\main_controller.php:15]
#5  Main_Controller->__construct() called at [D:\xampp\htdocs\system\components\Load.php:42]
#6  Load::controller(main) called at [D:\xampp\htdocs\index.php:93]
==================================
==================================
Date: 08-03-2016 18:01:58
Type: E_USER_ERROR
Message: Действие [contacts] не существует!
File: D:\xampp\htdocs\system\components\Load.php
Line: 46
------------------
VARS

$_SERVER = Array
(
    [REDIRECT_MIBDIRS] => D:/xampp/php/extras/mibs
    [REDIRECT_MYSQL_HOME] => \xampp\mysql\bin
    [REDIRECT_OPENSSL_CONF] => D:/xampp/apache/bin/openssl.cnf
    [REDIRECT_PHP_PEAR_SYSCONF_DIR] => \xampp\php
    [REDIRECT_PHPRC] => \xampp\php
    [REDIRECT_TMP] => \xampp\tmp
    [REDIRECT_STATUS] => 200
    [MIBDIRS] => D:/xampp/php/extras/mibs
    [MYSQL_HOME] => \xampp\mysql\bin
    [OPENSSL_CONF] => D:/xampp/apache/bin/openssl.cnf
    [PHP_PEAR_SYSCONF_DIR] => \xampp\php
    [PHPRC] => \xampp\php
    [TMP] => \xampp\tmp
    [HTTP_HOST] => 127.0.0.1
    [HTTP_USER_AGENT] => Mozilla/5.0 (Windows NT 6.3; WOW64; rv:44.0) Gecko/20100101 Firefox/44.0
    [HTTP_ACCEPT] => text/html,application/xhtml+xml,application/xml;q=0.9,*/*;q=0.8
    [HTTP_ACCEPT_LANGUAGE] => ru-RU,ru;q=0.8,en-US;q=0.5,en;q=0.3
    [HTTP_ACCEPT_ENCODING] => gzip, deflate
    [HTTP_COOKIE] => login=madbizarre; pass=j3qq4h7h2v; _ym_uid=1446466934979138347; jv_visits_count_SnnfODl38I=2; jv_client_id_SnnfODl38I=7551.0ZmbjiUCF6PZh53L%2F1h7W2lPFyK7TbRiEB1S88wHk5A; _ga=GA1.1.856071082.1446640200; email=madbizarre%40yandex.ru; __utma=96992031.856071082.1446640200.1456078081.1456133645.9; __utmz=96992031.1455453106.1.1.utmcsr=(direct)|utmccn=(direct)|utmcmd=(none); password=j3qq4h7h2v; _identity=8f5b116f06c0faea7bb8999185d7ea7fea06bcd6d8093d64a0b12c4b0a068e0ba%3A2%3A%7Bi%3A0%3Bs%3A9%3A%22_identity%22%3Bi%3A1%3Bs%3A46%3A%22%5B1%2C%22wJOn0cNP5UNzTWwaj_okpAUAO5H2owA4%22%2C2592000%5D%22%3B%7D; PHPSESSID=1gkfarctrsb6jvemr3n6ng5ee0
    [HTTP_CONNECTION] => keep-alive
    [HTTP_CACHE_CONTROL] => max-age=0
    [PATH] => C:\Windows\system32;C:\Windows;C:\Windows\System32\Wbem;C:\Windows\System32\WindowsPowerShell\v1.0\;C:\Program Files (x86)\NVIDIA Corporation\PhysX\Common;C:\Program Files\Git\cmd;C:\Program Files (x86)\Skype\Phone\
    [SystemRoot] => C:\Windows
    [COMSPEC] => C:\Windows\system32\cmd.exe
    [PATHEXT] => .COM;.EXE;.BAT;.CMD;.VBS;.VBE;.JS;.JSE;.WSF;.WSH;.MSC
    [WINDIR] => C:\Windows
    [SERVER_SIGNATURE] => <address>Apache/2.4.7 (Win32) OpenSSL/1.0.1e PHP/5.5.9 Server at 127.0.0.1 Port 80</address>

    [SERVER_SOFTWARE] => Apache/2.4.7 (Win32) OpenSSL/1.0.1e PHP/5.5.9
    [SERVER_NAME] => 127.0.0.1
    [SERVER_ADDR] => 127.0.0.1
    [SERVER_PORT] => 80
    [REMOTE_ADDR] => 127.0.0.1
    [DOCUMENT_ROOT] => D:/xampp/htdocs
    [REQUEST_SCHEME] => http
    [CONTEXT_PREFIX] => 
    [CONTEXT_DOCUMENT_ROOT] => D:/xampp/htdocs
    [SERVER_ADMIN] => postmaster@localhost
    [SCRIPT_FILENAME] => D:/xampp/htdocs/index.php
    [REMOTE_PORT] => 50581
    [REDIRECT_URL] => /page/contacts
    [GATEWAY_INTERFACE] => CGI/1.1
    [SERVER_PROTOCOL] => HTTP/1.1
    [REQUEST_METHOD] => GET
    [QUERY_STRING] => 
    [REQUEST_URI] => /page/contacts
    [SCRIPT_NAME] => /index.php
    [PATH_INFO] => /page/contacts
    [PATH_TRANSLATED] => redirect:\index.php\page\contacts\contacts
    [PHP_SELF] => /index.php/page/contacts
    [REQUEST_TIME_FLOAT] => 1457449318.273
    [REQUEST_TIME] => 1457449318
)

$_GET = Array
(
)

$_POST = Array
(
)

$_COOKIE = Array
(
    [login] => madbizarre
    [pass] => j3qq4h7h2v
    [_ym_uid] => 1446466934979138347
    [jv_visits_count_SnnfODl38I] => 2
    [jv_client_id_SnnfODl38I] => 7551.0ZmbjiUCF6PZh53L/1h7W2lPFyK7TbRiEB1S88wHk5A
    [_ga] => GA1.1.856071082.1446640200
    [email] => madbizarre@yandex.ru
    [__utma] => 96992031.856071082.1446640200.1456078081.1456133645.9
    [__utmz] => 96992031.1455453106.1.1.utmcsr=(direct)|utmccn=(direct)|utmcmd=(none)
    [password] => j3qq4h7h2v
    [_identity] => 8f5b116f06c0faea7bb8999185d7ea7fea06bcd6d8093d64a0b12c4b0a068e0ba:2:{i:0;s:9:"_identity";i:1;s:46:"[1,"wJOn0cNP5UNzTWwaj_okpAUAO5H2owA4",2592000]";}
    [PHPSESSID] => 1gkfarctrsb6jvemr3n6ng5ee0
)

$_SESSION = Array
(
    [currency] => byr
    [vmode] => list
)
------------------
TRACE

#0  Log::getDebugBacktrace() called at [D:\xampp\htdocs\system\components\Log.php:171]
#1  Log::_getLogErrorMessage(256, Действие [contacts] не существует!, D:\xampp\htdocs\system\components\Load.php, 46) called at [D:\xampp\htdocs\system\components\Log.php:62]
#2  Log::myErrorHandler(256, Действие [contacts] не существует!, D:\xampp\htdocs\system\components\Load.php, 46, Array ([controller] => page,[action] => contactsAction,[controller_name] => page_Controller,[controller_path] => system/controllers/page_controller.php,[controller_obj] => Page_Controller Object ([] => Array ([left] => <ul class="list-group left-menu"><li><a href="/recepty/novogodniy-stol" class="list-group-item "><span class="badge">24</span>Новогодний стол</a></li><li><a href="/recepty/salaty" class="list-group-item "><span class="badge">57</span>Салаты</a><ul class="list-group hidden-sm hidden-xs"><li><a href="/recepty/myasnye-salaty" class="list-group-item">Мясные салаты (32)</a></li><li><a href="/recepty/rybnye-salaty" class="list-group-item">Рыбные салаты (15)</a></li><li><a href="/recepty/ovoschnye-salaty" class="list-group-item">Овощные салаты (7)</a></li></ul></li><li><a href="/recepty/pervye-blyuda" class="list-group-item "><span class="badge">7</span>Первые блюда</a><ul class="list-group hidden-sm hidden-xs"><li><a href="/recepty/borsch" class="list-group-item">Борщ (1)</a></li><li><a href="/recepty/sup" class="list-group-item">Суп (6)</a></li><li><a href="/recepty/solyanka" class="list-group-item">Солянка (0)</a></li><li><a href="/recepty/holodnye-supy" class="list-group-item">Холодные супы (0)</a></li></ul></li><li><a href="/recepty/vtorye-blyuda" class="list-group-item "><span class="badge">124</span>Вторые блюда</a><ul class="list-group hidden-sm hidden-xs"><li><a href="/recepty/blyuda-iz-myasa" class="list-group-item">Блюда из мяса (23)</a></li><li><a href="/recepty/blyuda-s-makaronnymi-izdeliyami" class="list-group-item">Блюда с макаронными изделиями (6)</a></li><li><a href="/recepty/blyuda-iz-ovoschey" class="list-group-item">Блюда из овощей (7)</a></li><li><a href="/recepty/blyuda-iz-pticy" class="list-group-item">Блюда из птицы (35)</a></li><li><a href="/recepty/blyuda-iz-gribov" class="list-group-item">Блюда из грибов (9)</a></li><li><a href="/recepty/blyuda-iz-kartofelya" class="list-group-item">Блюда из картофеля (22)</a></li><li><a href="/recepty/blyuda-iz-ryby-i-moreproduktov" class="list-group-item">Блюда из рыбы и морепродуктов (18)</a></li><li><a href="/recepty/blyuda-iz-risa" class="list-group-item">Блюда из риса (2)</a></li><li><a href="/recepty/zapekanka" class="list-group-item">Запеканка (13)</a></li><li><a href="/recepty/lazanya" class="list-group-item">Лазанья (1)</a></li><li><a href="/recepty/pelmeni-vareniki-hinkali-manty" class="list-group-item">Пельмени, вареники, хинкали, манты (2)</a></li><li><a href="/recepty/kashi" class="list-group-item">Каши (0)</a></li></ul></li><li><a href="/recepty/testo" class="list-group-item "><span class="badge">77</span>Тесто</a><ul class="list-group hidden-sm hidden-xs"><li><a href="/recepty/sloennoe-testo" class="list-group-item">Слоенное тесто (7)</a></li><li><a href="/recepty/solenaya-vypechka" class="list-group-item">Соленая выпечка (19)</a></li><li><a href="/recepty/sladkaya-vypechka" class="list-group-item">Сладкая выпечка (31)</a></li><li><a href="/recepty/bliny-oladi" class="list-group-item">Блины, оладьи (11)</a></li><li><a href="/recepty/picca" class="list-group-item">Пицца (3)</a></li><li><a href="/recepty/belyashi-chebureki-ponchiki-pirozhki" class="list-group-item">Беляши, чебуреки, пончики, пирожки (8)</a></li></ul></li><li><a href="/recepty/zakuski" class="list-group-item "><span class="badge">42</span>Закуски</a><ul class="list-group hidden-sm hidden-xs"><li><a href="/recepty/zakuski-myasnye" class="list-group-item">Закуски мясные (4)</a></li><li><a href="/recepty/zakuski-rybnye" class="list-group-item">Закуски рыбные (5)</a></li><li><a href="/recepty/zakuski-ovoschnye" class="list-group-item">Закуски овощные (9)</a></li><li><a href="/recepty/buterbrody-sandvichi-kanape" class="list-group-item">Бутерброды, сандвичи, канапе (4)</a></li><li><a href="/recepty/lavash" class="list-group-item">Лаваш (7)</a></li><li><a href="/recepty/solenye-torty" class="list-group-item">соленые торты (7)</a></li></ul></li><li><a href="/recepty/deserty" class="list-group-item "><span class="badge">97</span>Десерты</a><ul class="list-group hidden-sm hidden-xs"><li><a href="/recepty/torty" class="list-group-item">Торты (26)</a></li><li><a href="/recepty/pechene" class="list-group-item">Печенье (14)</a></li><li><a href="/recepty/konfety" class="list-group-item">Конфеты (4)</a></li><li><a href="/recepty/vkusnyashki" class="list-group-item">Вкусняшки (40)</a></li><li><a href="/recepty/pirozhnoe" class="list-group-item">Пирожное (7)</a></li><li><a href="/recepty/blyuda-iz-tvoroga" class="list-group-item">Блюда из творога (10)</a></li></ul></li><li><a href="/recepty/raznoe" class="list-group-item "><span class="badge">25</span>Разное</a><ul class="list-group hidden-sm hidden-xs"><li><a href="/recepty/krem" class="list-group-item">Крем (1)</a></li><li><a href="/recepty/sousy" class="list-group-item">Соусы (2)</a></li><li><a href="/recepty/propitki" class="list-group-item">Пропитки (0)</a></li><li><a href="/recepty/zavtraki" class="list-group-item">Завтраки (20)</a></li><li><a href="/recepty/napitki" class="list-group-item">Напитки (2)</a></li></ul></li><li><a href="/recepty/zagotovki-na-zimu" class="list-group-item "><span class="badge">2</span>Заготовки на зиму</a><ul class="list-group hidden-sm hidden-xs"><li><a href="/recepty/ogurcy" class="list-group-item">Огурцы (0)</a></li><li><a href="/recepty/pomidory" class="list-group-item">Помидоры (0)</a></li><li><a href="/recepty/salat" class="list-group-item">Салат (0)</a></li><li><a href="/recepty/varene" class="list-group-item">Варенье (1)</a></li></ul></li></ul>))))
#3  trigger_error(Действие [contacts] не существует!, 256) called at [D:\xampp\htdocs\system\components\Load.php:46]
#4  Load::controller(page, contactsAction) called at [D:\xampp\htdocs\system\controllers\main_controller.php:15]
#5  Main_Controller->__construct() called at [D:\xampp\htdocs\system\components\Load.php:42]
#6  Load::controller(main) called at [D:\xampp\htdocs\index.php:93]
==================================
==================================
Date: 08-03-2016 18:02:09
Type: E_USER_ERROR
Message: Действие [contacts] не существует!
File: D:\xampp\htdocs\system\components\Load.php
Line: 46
------------------
VARS

$_SERVER = Array
(
    [REDIRECT_MIBDIRS] => D:/xampp/php/extras/mibs
    [REDIRECT_MYSQL_HOME] => \xampp\mysql\bin
    [REDIRECT_OPENSSL_CONF] => D:/xampp/apache/bin/openssl.cnf
    [REDIRECT_PHP_PEAR_SYSCONF_DIR] => \xampp\php
    [REDIRECT_PHPRC] => \xampp\php
    [REDIRECT_TMP] => \xampp\tmp
    [REDIRECT_STATUS] => 200
    [MIBDIRS] => D:/xampp/php/extras/mibs
    [MYSQL_HOME] => \xampp\mysql\bin
    [OPENSSL_CONF] => D:/xampp/apache/bin/openssl.cnf
    [PHP_PEAR_SYSCONF_DIR] => \xampp\php
    [PHPRC] => \xampp\php
    [TMP] => \xampp\tmp
    [HTTP_HOST] => 127.0.0.1
    [HTTP_USER_AGENT] => Mozilla/5.0 (Windows NT 6.3; WOW64; rv:44.0) Gecko/20100101 Firefox/44.0
    [HTTP_ACCEPT] => text/html,application/xhtml+xml,application/xml;q=0.9,*/*;q=0.8
    [HTTP_ACCEPT_LANGUAGE] => ru-RU,ru;q=0.8,en-US;q=0.5,en;q=0.3
    [HTTP_ACCEPT_ENCODING] => gzip, deflate
    [HTTP_COOKIE] => login=madbizarre; pass=j3qq4h7h2v; _ym_uid=1446466934979138347; jv_visits_count_SnnfODl38I=2; jv_client_id_SnnfODl38I=7551.0ZmbjiUCF6PZh53L%2F1h7W2lPFyK7TbRiEB1S88wHk5A; _ga=GA1.1.856071082.1446640200; email=madbizarre%40yandex.ru; __utma=96992031.856071082.1446640200.1456078081.1456133645.9; __utmz=96992031.1455453106.1.1.utmcsr=(direct)|utmccn=(direct)|utmcmd=(none); password=j3qq4h7h2v; _identity=8f5b116f06c0faea7bb8999185d7ea7fea06bcd6d8093d64a0b12c4b0a068e0ba%3A2%3A%7Bi%3A0%3Bs%3A9%3A%22_identity%22%3Bi%3A1%3Bs%3A46%3A%22%5B1%2C%22wJOn0cNP5UNzTWwaj_okpAUAO5H2owA4%22%2C2592000%5D%22%3B%7D; PHPSESSID=1gkfarctrsb6jvemr3n6ng5ee0
    [HTTP_CONNECTION] => keep-alive
    [HTTP_CACHE_CONTROL] => max-age=0
    [PATH] => C:\Windows\system32;C:\Windows;C:\Windows\System32\Wbem;C:\Windows\System32\WindowsPowerShell\v1.0\;C:\Program Files (x86)\NVIDIA Corporation\PhysX\Common;C:\Program Files\Git\cmd;C:\Program Files (x86)\Skype\Phone\
    [SystemRoot] => C:\Windows
    [COMSPEC] => C:\Windows\system32\cmd.exe
    [PATHEXT] => .COM;.EXE;.BAT;.CMD;.VBS;.VBE;.JS;.JSE;.WSF;.WSH;.MSC
    [WINDIR] => C:\Windows
    [SERVER_SIGNATURE] => <address>Apache/2.4.7 (Win32) OpenSSL/1.0.1e PHP/5.5.9 Server at 127.0.0.1 Port 80</address>

    [SERVER_SOFTWARE] => Apache/2.4.7 (Win32) OpenSSL/1.0.1e PHP/5.5.9
    [SERVER_NAME] => 127.0.0.1
    [SERVER_ADDR] => 127.0.0.1
    [SERVER_PORT] => 80
    [REMOTE_ADDR] => 127.0.0.1
    [DOCUMENT_ROOT] => D:/xampp/htdocs
    [REQUEST_SCHEME] => http
    [CONTEXT_PREFIX] => 
    [CONTEXT_DOCUMENT_ROOT] => D:/xampp/htdocs
    [SERVER_ADMIN] => postmaster@localhost
    [SCRIPT_FILENAME] => D:/xampp/htdocs/index.php
    [REMOTE_PORT] => 50584
    [REDIRECT_URL] => /page/contacts
    [GATEWAY_INTERFACE] => CGI/1.1
    [SERVER_PROTOCOL] => HTTP/1.1
    [REQUEST_METHOD] => GET
    [QUERY_STRING] => 
    [REQUEST_URI] => /page/contacts
    [SCRIPT_NAME] => /index.php
    [PATH_INFO] => /page/contacts
    [PATH_TRANSLATED] => redirect:\index.php\page\contacts\contacts
    [PHP_SELF] => /index.php/page/contacts
    [REQUEST_TIME_FLOAT] => 1457449329.114
    [REQUEST_TIME] => 1457449329
)

$_GET = Array
(
)

$_POST = Array
(
)

$_COOKIE = Array
(
    [login] => madbizarre
    [pass] => j3qq4h7h2v
    [_ym_uid] => 1446466934979138347
    [jv_visits_count_SnnfODl38I] => 2
    [jv_client_id_SnnfODl38I] => 7551.0ZmbjiUCF6PZh53L/1h7W2lPFyK7TbRiEB1S88wHk5A
    [_ga] => GA1.1.856071082.1446640200
    [email] => madbizarre@yandex.ru
    [__utma] => 96992031.856071082.1446640200.1456078081.1456133645.9
    [__utmz] => 96992031.1455453106.1.1.utmcsr=(direct)|utmccn=(direct)|utmcmd=(none)
    [password] => j3qq4h7h2v
    [_identity] => 8f5b116f06c0faea7bb8999185d7ea7fea06bcd6d8093d64a0b12c4b0a068e0ba:2:{i:0;s:9:"_identity";i:1;s:46:"[1,"wJOn0cNP5UNzTWwaj_okpAUAO5H2owA4",2592000]";}
    [PHPSESSID] => 1gkfarctrsb6jvemr3n6ng5ee0
)

$_SESSION = Array
(
    [currency] => byr
    [vmode] => list
)
------------------
TRACE

#0  Log::getDebugBacktrace() called at [D:\xampp\htdocs\system\components\Log.php:171]
#1  Log::_getLogErrorMessage(256, Действие [contacts] не существует!, D:\xampp\htdocs\system\components\Load.php, 46) called at [D:\xampp\htdocs\system\components\Log.php:62]
#2  Log::myErrorHandler(256, Действие [contacts] не существует!, D:\xampp\htdocs\system\components\Load.php, 46, Array ([controller] => page,[action] => contactsAction,[controller_name] => page_Controller,[controller_path] => system/controllers/page_controller.php,[controller_obj] => Page_Controller Object ([] => Array ([left] => <ul class="list-group left-menu"><li><a href="/recepty/novogodniy-stol" class="list-group-item "><span class="badge">24</span>Новогодний стол</a></li><li><a href="/recepty/salaty" class="list-group-item "><span class="badge">57</span>Салаты</a><ul class="list-group hidden-sm hidden-xs"><li><a href="/recepty/myasnye-salaty" class="list-group-item">Мясные салаты (32)</a></li><li><a href="/recepty/rybnye-salaty" class="list-group-item">Рыбные салаты (15)</a></li><li><a href="/recepty/ovoschnye-salaty" class="list-group-item">Овощные салаты (7)</a></li></ul></li><li><a href="/recepty/pervye-blyuda" class="list-group-item "><span class="badge">7</span>Первые блюда</a><ul class="list-group hidden-sm hidden-xs"><li><a href="/recepty/borsch" class="list-group-item">Борщ (1)</a></li><li><a href="/recepty/sup" class="list-group-item">Суп (6)</a></li><li><a href="/recepty/solyanka" class="list-group-item">Солянка (0)</a></li><li><a href="/recepty/holodnye-supy" class="list-group-item">Холодные супы (0)</a></li></ul></li><li><a href="/recepty/vtorye-blyuda" class="list-group-item "><span class="badge">124</span>Вторые блюда</a><ul class="list-group hidden-sm hidden-xs"><li><a href="/recepty/blyuda-iz-myasa" class="list-group-item">Блюда из мяса (23)</a></li><li><a href="/recepty/blyuda-s-makaronnymi-izdeliyami" class="list-group-item">Блюда с макаронными изделиями (6)</a></li><li><a href="/recepty/blyuda-iz-ovoschey" class="list-group-item">Блюда из овощей (7)</a></li><li><a href="/recepty/blyuda-iz-pticy" class="list-group-item">Блюда из птицы (35)</a></li><li><a href="/recepty/blyuda-iz-gribov" class="list-group-item">Блюда из грибов (9)</a></li><li><a href="/recepty/blyuda-iz-kartofelya" class="list-group-item">Блюда из картофеля (22)</a></li><li><a href="/recepty/blyuda-iz-ryby-i-moreproduktov" class="list-group-item">Блюда из рыбы и морепродуктов (18)</a></li><li><a href="/recepty/blyuda-iz-risa" class="list-group-item">Блюда из риса (2)</a></li><li><a href="/recepty/zapekanka" class="list-group-item">Запеканка (13)</a></li><li><a href="/recepty/lazanya" class="list-group-item">Лазанья (1)</a></li><li><a href="/recepty/pelmeni-vareniki-hinkali-manty" class="list-group-item">Пельмени, вареники, хинкали, манты (2)</a></li><li><a href="/recepty/kashi" class="list-group-item">Каши (0)</a></li></ul></li><li><a href="/recepty/testo" class="list-group-item "><span class="badge">77</span>Тесто</a><ul class="list-group hidden-sm hidden-xs"><li><a href="/recepty/sloennoe-testo" class="list-group-item">Слоенное тесто (7)</a></li><li><a href="/recepty/solenaya-vypechka" class="list-group-item">Соленая выпечка (19)</a></li><li><a href="/recepty/sladkaya-vypechka" class="list-group-item">Сладкая выпечка (31)</a></li><li><a href="/recepty/bliny-oladi" class="list-group-item">Блины, оладьи (11)</a></li><li><a href="/recepty/picca" class="list-group-item">Пицца (3)</a></li><li><a href="/recepty/belyashi-chebureki-ponchiki-pirozhki" class="list-group-item">Беляши, чебуреки, пончики, пирожки (8)</a></li></ul></li><li><a href="/recepty/zakuski" class="list-group-item "><span class="badge">42</span>Закуски</a><ul class="list-group hidden-sm hidden-xs"><li><a href="/recepty/zakuski-myasnye" class="list-group-item">Закуски мясные (4)</a></li><li><a href="/recepty/zakuski-rybnye" class="list-group-item">Закуски рыбные (5)</a></li><li><a href="/recepty/zakuski-ovoschnye" class="list-group-item">Закуски овощные (9)</a></li><li><a href="/recepty/buterbrody-sandvichi-kanape" class="list-group-item">Бутерброды, сандвичи, канапе (4)</a></li><li><a href="/recepty/lavash" class="list-group-item">Лаваш (7)</a></li><li><a href="/recepty/solenye-torty" class="list-group-item">соленые торты (7)</a></li></ul></li><li><a href="/recepty/deserty" class="list-group-item "><span class="badge">97</span>Десерты</a><ul class="list-group hidden-sm hidden-xs"><li><a href="/recepty/torty" class="list-group-item">Торты (26)</a></li><li><a href="/recepty/pechene" class="list-group-item">Печенье (14)</a></li><li><a href="/recepty/konfety" class="list-group-item">Конфеты (4)</a></li><li><a href="/recepty/vkusnyashki" class="list-group-item">Вкусняшки (40)</a></li><li><a href="/recepty/pirozhnoe" class="list-group-item">Пирожное (7)</a></li><li><a href="/recepty/blyuda-iz-tvoroga" class="list-group-item">Блюда из творога (10)</a></li></ul></li><li><a href="/recepty/raznoe" class="list-group-item "><span class="badge">25</span>Разное</a><ul class="list-group hidden-sm hidden-xs"><li><a href="/recepty/krem" class="list-group-item">Крем (1)</a></li><li><a href="/recepty/sousy" class="list-group-item">Соусы (2)</a></li><li><a href="/recepty/propitki" class="list-group-item">Пропитки (0)</a></li><li><a href="/recepty/zavtraki" class="list-group-item">Завтраки (20)</a></li><li><a href="/recepty/napitki" class="list-group-item">Напитки (2)</a></li></ul></li><li><a href="/recepty/zagotovki-na-zimu" class="list-group-item "><span class="badge">2</span>Заготовки на зиму</a><ul class="list-group hidden-sm hidden-xs"><li><a href="/recepty/ogurcy" class="list-group-item">Огурцы (0)</a></li><li><a href="/recepty/pomidory" class="list-group-item">Помидоры (0)</a></li><li><a href="/recepty/salat" class="list-group-item">Салат (0)</a></li><li><a href="/recepty/varene" class="list-group-item">Варенье (1)</a></li></ul></li></ul>))))
#3  trigger_error(Действие [contacts] не существует!, 256) called at [D:\xampp\htdocs\system\components\Load.php:46]
#4  Load::controller(page, contactsAction) called at [D:\xampp\htdocs\system\controllers\main_controller.php:15]
#5  Main_Controller->__construct() called at [D:\xampp\htdocs\system\components\Load.php:42]
#6  Load::controller(main) called at [D:\xampp\htdocs\index.php:93]
==================================
==================================
Date: 08-03-2016 18:07:58
Message: Страница не существует
------------------
VARS

$_SERVER = Array
(
    [REDIRECT_MIBDIRS] => D:/xampp/php/extras/mibs
    [REDIRECT_MYSQL_HOME] => \xampp\mysql\bin
    [REDIRECT_OPENSSL_CONF] => D:/xampp/apache/bin/openssl.cnf
    [REDIRECT_PHP_PEAR_SYSCONF_DIR] => \xampp\php
    [REDIRECT_PHPRC] => \xampp\php
    [REDIRECT_TMP] => \xampp\tmp
    [REDIRECT_STATUS] => 200
    [MIBDIRS] => D:/xampp/php/extras/mibs
    [MYSQL_HOME] => \xampp\mysql\bin
    [OPENSSL_CONF] => D:/xampp/apache/bin/openssl.cnf
    [PHP_PEAR_SYSCONF_DIR] => \xampp\php
    [PHPRC] => \xampp\php
    [TMP] => \xampp\tmp
    [HTTP_HOST] => 127.0.0.1
    [HTTP_USER_AGENT] => Mozilla/5.0 (Windows NT 6.3; WOW64; rv:44.0) Gecko/20100101 Firefox/44.0
    [HTTP_ACCEPT] => text/html,application/xhtml+xml,application/xml;q=0.9,*/*;q=0.8
    [HTTP_ACCEPT_LANGUAGE] => ru-RU,ru;q=0.8,en-US;q=0.5,en;q=0.3
    [HTTP_ACCEPT_ENCODING] => gzip, deflate
    [HTTP_COOKIE] => login=madbizarre; pass=j3qq4h7h2v; _ym_uid=1446466934979138347; jv_visits_count_SnnfODl38I=2; jv_client_id_SnnfODl38I=7551.0ZmbjiUCF6PZh53L%2F1h7W2lPFyK7TbRiEB1S88wHk5A; _ga=GA1.1.856071082.1446640200; email=madbizarre%40yandex.ru; __utma=96992031.856071082.1446640200.1456078081.1456133645.9; __utmz=96992031.1455453106.1.1.utmcsr=(direct)|utmccn=(direct)|utmcmd=(none); password=j3qq4h7h2v; _identity=8f5b116f06c0faea7bb8999185d7ea7fea06bcd6d8093d64a0b12c4b0a068e0ba%3A2%3A%7Bi%3A0%3Bs%3A9%3A%22_identity%22%3Bi%3A1%3Bs%3A46%3A%22%5B1%2C%22wJOn0cNP5UNzTWwaj_okpAUAO5H2owA4%22%2C2592000%5D%22%3B%7D; PHPSESSID=1gkfarctrsb6jvemr3n6ng5ee0
    [HTTP_CONNECTION] => keep-alive
    [PATH] => C:\Windows\system32;C:\Windows;C:\Windows\System32\Wbem;C:\Windows\System32\WindowsPowerShell\v1.0\;C:\Program Files (x86)\NVIDIA Corporation\PhysX\Common;C:\Program Files\Git\cmd;C:\Program Files (x86)\Skype\Phone\
    [SystemRoot] => C:\Windows
    [COMSPEC] => C:\Windows\system32\cmd.exe
    [PATHEXT] => .COM;.EXE;.BAT;.CMD;.VBS;.VBE;.JS;.JSE;.WSF;.WSH;.MSC
    [WINDIR] => C:\Windows
    [SERVER_SIGNATURE] => <address>Apache/2.4.7 (Win32) OpenSSL/1.0.1e PHP/5.5.9 Server at 127.0.0.1 Port 80</address>

    [SERVER_SOFTWARE] => Apache/2.4.7 (Win32) OpenSSL/1.0.1e PHP/5.5.9
    [SERVER_NAME] => 127.0.0.1
    [SERVER_ADDR] => 127.0.0.1
    [SERVER_PORT] => 80
    [REMOTE_ADDR] => 127.0.0.1
    [DOCUMENT_ROOT] => D:/xampp/htdocs
    [REQUEST_SCHEME] => http
    [CONTEXT_PREFIX] => 
    [CONTEXT_DOCUMENT_ROOT] => D:/xampp/htdocs
    [SERVER_ADMIN] => postmaster@localhost
    [SCRIPT_FILENAME] => D:/xampp/htdocs/index.php
    [REMOTE_PORT] => 50919
    [REDIRECT_URL] => /page/
    [GATEWAY_INTERFACE] => CGI/1.1
    [SERVER_PROTOCOL] => HTTP/1.1
    [REQUEST_METHOD] => GET
    [QUERY_STRING] => 
    [REQUEST_URI] => /page/
    [SCRIPT_NAME] => /index.php
    [PATH_INFO] => /page/
    [PATH_TRANSLATED] => redirect:\index.php\page\
    [PHP_SELF] => /index.php/page/
    [REQUEST_TIME_FLOAT] => 1457449678.195
    [REQUEST_TIME] => 1457449678
)

$_GET = Array
(
)

$_POST = Array
(
)

$_COOKIE = Array
(
    [login] => madbizarre
    [pass] => j3qq4h7h2v
    [_ym_uid] => 1446466934979138347
    [jv_visits_count_SnnfODl38I] => 2
    [jv_client_id_SnnfODl38I] => 7551.0ZmbjiUCF6PZh53L/1h7W2lPFyK7TbRiEB1S88wHk5A
    [_ga] => GA1.1.856071082.1446640200
    [email] => madbizarre@yandex.ru
    [__utma] => 96992031.856071082.1446640200.1456078081.1456133645.9
    [__utmz] => 96992031.1455453106.1.1.utmcsr=(direct)|utmccn=(direct)|utmcmd=(none)
    [password] => j3qq4h7h2v
    [_identity] => 8f5b116f06c0faea7bb8999185d7ea7fea06bcd6d8093d64a0b12c4b0a068e0ba:2:{i:0;s:9:"_identity";i:1;s:46:"[1,"wJOn0cNP5UNzTWwaj_okpAUAO5H2owA4",2592000]";}
    [PHPSESSID] => 1gkfarctrsb6jvemr3n6ng5ee0
)

$_SESSION = Array
(
    [currency] => byr
    [vmode] => list
)
==================================
==================================
Date: 08-03-2016 18:08:46
Message: Страница не существует
------------------
VARS

$_SERVER = Array
(
    [REDIRECT_MIBDIRS] => D:/xampp/php/extras/mibs
    [REDIRECT_MYSQL_HOME] => \xampp\mysql\bin
    [REDIRECT_OPENSSL_CONF] => D:/xampp/apache/bin/openssl.cnf
    [REDIRECT_PHP_PEAR_SYSCONF_DIR] => \xampp\php
    [REDIRECT_PHPRC] => \xampp\php
    [REDIRECT_TMP] => \xampp\tmp
    [REDIRECT_STATUS] => 200
    [MIBDIRS] => D:/xampp/php/extras/mibs
    [MYSQL_HOME] => \xampp\mysql\bin
    [OPENSSL_CONF] => D:/xampp/apache/bin/openssl.cnf
    [PHP_PEAR_SYSCONF_DIR] => \xampp\php
    [PHPRC] => \xampp\php
    [TMP] => \xampp\tmp
    [HTTP_HOST] => 127.0.0.1
    [HTTP_CONNECTION] => keep-alive
    [HTTP_USER_AGENT] => Mozilla/5.0 (Windows NT 6.3; WOW64) AppleWebKit/537.36 (KHTML, like Gecko) Chrome/48.0.2564.116 Safari/537.36
    [HTTP_ACCEPT] => */*
    [HTTP_REFERER] => http://127.0.0.1/
    [HTTP_ACCEPT_ENCODING] => gzip, deflate, sdch
    [HTTP_ACCEPT_LANGUAGE] => ru-RU,ru;q=0.8,en-US;q=0.6,en;q=0.4
    [HTTP_COOKIE] => acms[auth]=0d608a986f52b1309a29ddb2f21a3aef; _ym_uid=1456070500998202760; email=madbizarre%40yandex.ru; password=j3qq4h7h2v; __utma=96992031.1574350433.1456070501.1456070501.1456070501.1; __utmz=96992031.1456070501.1.1.utmcsr=(direct)|utmccn=(direct)|utmcmd=(none); _ga=GA1.1.1574350433.1456070501; PHPSESSID=uk6v769940tr0uguh12677jem4
    [PATH] => C:\Windows\system32;C:\Windows;C:\Windows\System32\Wbem;C:\Windows\System32\WindowsPowerShell\v1.0\;C:\Program Files (x86)\NVIDIA Corporation\PhysX\Common;C:\Program Files\Git\cmd;C:\Program Files (x86)\Skype\Phone\
    [SystemRoot] => C:\Windows
    [COMSPEC] => C:\Windows\system32\cmd.exe
    [PATHEXT] => .COM;.EXE;.BAT;.CMD;.VBS;.VBE;.JS;.JSE;.WSF;.WSH;.MSC
    [WINDIR] => C:\Windows
    [SERVER_SIGNATURE] => <address>Apache/2.4.7 (Win32) OpenSSL/1.0.1e PHP/5.5.9 Server at 127.0.0.1 Port 80</address>

    [SERVER_SOFTWARE] => Apache/2.4.7 (Win32) OpenSSL/1.0.1e PHP/5.5.9
    [SERVER_NAME] => 127.0.0.1
    [SERVER_ADDR] => 127.0.0.1
    [SERVER_PORT] => 80
    [REMOTE_ADDR] => 127.0.0.1
    [DOCUMENT_ROOT] => D:/xampp/htdocs
    [REQUEST_SCHEME] => http
    [CONTEXT_PREFIX] => 
    [CONTEXT_DOCUMENT_ROOT] => D:/xampp/htdocs
    [SERVER_ADMIN] => postmaster@localhost
    [SCRIPT_FILENAME] => D:/xampp/htdocs/index.php
    [REMOTE_PORT] => 50959
    [REDIRECT_URL] => /favicon.ico
    [GATEWAY_INTERFACE] => CGI/1.1
    [SERVER_PROTOCOL] => HTTP/1.1
    [REQUEST_METHOD] => GET
    [QUERY_STRING] => 
    [REQUEST_URI] => /favicon.ico
    [SCRIPT_NAME] => /index.php
    [PATH_INFO] => /favicon.ico
    [PATH_TRANSLATED] => redirect:\index.php\favicon.ico
    [PHP_SELF] => /index.php/favicon.ico
    [REQUEST_TIME_FLOAT] => 1457449726.82
    [REQUEST_TIME] => 1457449726
)

$_GET = Array
(
)

$_POST = Array
(
)

$_COOKIE = Array
(
    [acms] => Array
        (
            [auth] => 0d608a986f52b1309a29ddb2f21a3aef
        )

    [_ym_uid] => 1456070500998202760
    [email] => madbizarre@yandex.ru
    [password] => j3qq4h7h2v
    [__utma] => 96992031.1574350433.1456070501.1456070501.1456070501.1
    [__utmz] => 96992031.1456070501.1.1.utmcsr=(direct)|utmccn=(direct)|utmcmd=(none)
    [_ga] => GA1.1.1574350433.1456070501
    [PHPSESSID] => uk6v769940tr0uguh12677jem4
)

$_SESSION = Array
(
    [currency] => byr
)
==================================
==================================
Date: 08-03-2016 18:14:03
Message: Страница не существует
------------------
VARS

$_SERVER = Array
(
    [REDIRECT_MIBDIRS] => D:/xampp/php/extras/mibs
    [REDIRECT_MYSQL_HOME] => \xampp\mysql\bin
    [REDIRECT_OPENSSL_CONF] => D:/xampp/apache/bin/openssl.cnf
    [REDIRECT_PHP_PEAR_SYSCONF_DIR] => \xampp\php
    [REDIRECT_PHPRC] => \xampp\php
    [REDIRECT_TMP] => \xampp\tmp
    [REDIRECT_STATUS] => 200
    [MIBDIRS] => D:/xampp/php/extras/mibs
    [MYSQL_HOME] => \xampp\mysql\bin
    [OPENSSL_CONF] => D:/xampp/apache/bin/openssl.cnf
    [PHP_PEAR_SYSCONF_DIR] => \xampp\php
    [PHPRC] => \xampp\php
    [TMP] => \xampp\tmp
    [HTTP_HOST] => 127.0.0.1
    [HTTP_CONNECTION] => keep-alive
    [HTTP_ACCEPT] => */*
    [HTTP_USER_AGENT] => Mozilla/5.0 (Windows NT 6.3; WOW64) AppleWebKit/537.36 (KHTML, like Gecko) Chrome/47.0.2526.111 YaBrowser/16.2.0.3539 Safari/537.36
    [HTTP_ACCEPT_ENCODING] => gzip, deflate, sdch
    [HTTP_ACCEPT_LANGUAGE] => ru,en;q=0.8
    [HTTP_COOKIE] => _ga=GA1.1.134904155.1456764147
    [PATH] => C:\Windows\system32;C:\Windows;C:\Windows\System32\Wbem;C:\Windows\System32\WindowsPowerShell\v1.0\;C:\Program Files (x86)\NVIDIA Corporation\PhysX\Common;C:\Program Files\Git\cmd;C:\Program Files (x86)\Skype\Phone\
    [SystemRoot] => C:\Windows
    [COMSPEC] => C:\Windows\system32\cmd.exe
    [PATHEXT] => .COM;.EXE;.BAT;.CMD;.VBS;.VBE;.JS;.JSE;.WSF;.WSH;.MSC
    [WINDIR] => C:\Windows
    [SERVER_SIGNATURE] => <address>Apache/2.4.7 (Win32) OpenSSL/1.0.1e PHP/5.5.9 Server at 127.0.0.1 Port 80</address>

    [SERVER_SOFTWARE] => Apache/2.4.7 (Win32) OpenSSL/1.0.1e PHP/5.5.9
    [SERVER_NAME] => 127.0.0.1
    [SERVER_ADDR] => 127.0.0.1
    [SERVER_PORT] => 80
    [REMOTE_ADDR] => 127.0.0.1
    [DOCUMENT_ROOT] => D:/xampp/htdocs
    [REQUEST_SCHEME] => http
    [CONTEXT_PREFIX] => 
    [CONTEXT_DOCUMENT_ROOT] => D:/xampp/htdocs
    [SERVER_ADMIN] => postmaster@localhost
    [SCRIPT_FILENAME] => D:/xampp/htdocs/index.php
    [REMOTE_PORT] => 51240
    [REDIRECT_URL] => /favicon.ico
    [GATEWAY_INTERFACE] => CGI/1.1
    [SERVER_PROTOCOL] => HTTP/1.1
    [REQUEST_METHOD] => GET
    [QUERY_STRING] => 
    [REQUEST_URI] => /favicon.ico
    [SCRIPT_NAME] => /index.php
    [PATH_INFO] => /favicon.ico
    [PATH_TRANSLATED] => redirect:\index.php\favicon.ico
    [PHP_SELF] => /index.php/favicon.ico
    [REQUEST_TIME_FLOAT] => 1457450043.063
    [REQUEST_TIME] => 1457450043
)

$_GET = Array
(
)

$_POST = Array
(
)

$_COOKIE = Array
(
    [_ga] => GA1.1.134904155.1456764147
)

$_SESSION = Array
(
    [currency] => byr
)
==================================
==================================
Date: 08-03-2016 23:36:32
Message: Страница не существует
------------------
VARS

$_SERVER = Array
(
    [REDIRECT_MIBDIRS] => D:/xampp/php/extras/mibs
    [REDIRECT_MYSQL_HOME] => \xampp\mysql\bin
    [REDIRECT_OPENSSL_CONF] => D:/xampp/apache/bin/openssl.cnf
    [REDIRECT_PHP_PEAR_SYSCONF_DIR] => \xampp\php
    [REDIRECT_PHPRC] => \xampp\php
    [REDIRECT_TMP] => \xampp\tmp
    [REDIRECT_STATUS] => 200
    [MIBDIRS] => D:/xampp/php/extras/mibs
    [MYSQL_HOME] => \xampp\mysql\bin
    [OPENSSL_CONF] => D:/xampp/apache/bin/openssl.cnf
    [PHP_PEAR_SYSCONF_DIR] => \xampp\php
    [PHPRC] => \xampp\php
    [TMP] => \xampp\tmp
    [HTTP_HOST] => 127.0.0.1
    [HTTP_CONNECTION] => keep-alive
    [HTTP_ACCEPT] => */*
    [HTTP_USER_AGENT] => Mozilla/5.0 (Windows NT 6.3; WOW64) AppleWebKit/537.36 (KHTML, like Gecko) Chrome/47.0.2526.111 YaBrowser/16.2.0.3539 Safari/537.36
    [HTTP_ACCEPT_ENCODING] => gzip, deflate, sdch
    [HTTP_ACCEPT_LANGUAGE] => ru,en;q=0.8
    [HTTP_COOKIE] => _ga=GA1.1.134904155.1456764147
    [PATH] => C:\Windows\system32;C:\Windows;C:\Windows\System32\Wbem;C:\Windows\System32\WindowsPowerShell\v1.0\;C:\Program Files (x86)\NVIDIA Corporation\PhysX\Common;C:\Program Files\Git\cmd;C:\Program Files (x86)\Skype\Phone\
    [SystemRoot] => C:\Windows
    [COMSPEC] => C:\Windows\system32\cmd.exe
    [PATHEXT] => .COM;.EXE;.BAT;.CMD;.VBS;.VBE;.JS;.JSE;.WSF;.WSH;.MSC
    [WINDIR] => C:\Windows
    [SERVER_SIGNATURE] => <address>Apache/2.4.7 (Win32) OpenSSL/1.0.1e PHP/5.5.9 Server at 127.0.0.1 Port 80</address>

    [SERVER_SOFTWARE] => Apache/2.4.7 (Win32) OpenSSL/1.0.1e PHP/5.5.9
    [SERVER_NAME] => 127.0.0.1
    [SERVER_ADDR] => 127.0.0.1
    [SERVER_PORT] => 80
    [REMOTE_ADDR] => 127.0.0.1
    [DOCUMENT_ROOT] => D:/xampp/htdocs
    [REQUEST_SCHEME] => http
    [CONTEXT_PREFIX] => 
    [CONTEXT_DOCUMENT_ROOT] => D:/xampp/htdocs
    [SERVER_ADMIN] => postmaster@localhost
    [SCRIPT_FILENAME] => D:/xampp/htdocs/index.php
    [REMOTE_PORT] => 59271
    [REDIRECT_URL] => /favicon.ico
    [GATEWAY_INTERFACE] => CGI/1.1
    [SERVER_PROTOCOL] => HTTP/1.1
    [REQUEST_METHOD] => GET
    [QUERY_STRING] => 
    [REQUEST_URI] => /favicon.ico
    [SCRIPT_NAME] => /index.php
    [PATH_INFO] => /favicon.ico
    [PATH_TRANSLATED] => redirect:\index.php\favicon.ico
    [PHP_SELF] => /index.php/favicon.ico
    [REQUEST_TIME_FLOAT] => 1457469391.985
    [REQUEST_TIME] => 1457469391
)

$_GET = Array
(
)

$_POST = Array
(
)

$_COOKIE = Array
(
    [_ga] => GA1.1.134904155.1456764147
)

$_SESSION = Array
(
    [currency] => byr
)
==================================
==================================
Date: 09-03-2016 16:24:07
Message: Страница не существует
------------------
VARS

$_SERVER = Array
(
    [REDIRECT_MIBDIRS] => D:/xampp/php/extras/mibs
    [REDIRECT_MYSQL_HOME] => \xampp\mysql\bin
    [REDIRECT_OPENSSL_CONF] => D:/xampp/apache/bin/openssl.cnf
    [REDIRECT_PHP_PEAR_SYSCONF_DIR] => \xampp\php
    [REDIRECT_PHPRC] => \xampp\php
    [REDIRECT_TMP] => \xampp\tmp
    [REDIRECT_STATUS] => 200
    [MIBDIRS] => D:/xampp/php/extras/mibs
    [MYSQL_HOME] => \xampp\mysql\bin
    [OPENSSL_CONF] => D:/xampp/apache/bin/openssl.cnf
    [PHP_PEAR_SYSCONF_DIR] => \xampp\php
    [PHPRC] => \xampp\php
    [TMP] => \xampp\tmp
    [HTTP_HOST] => 127.0.0.1
    [HTTP_CONNECTION] => keep-alive
    [HTTP_USER_AGENT] => Mozilla/5.0 (Windows NT 6.3; WOW64) AppleWebKit/537.36 (KHTML, like Gecko) Chrome/48.0.2564.116 Safari/537.36
    [HTTP_ACCEPT] => */*
    [HTTP_REFERER] => http://127.0.0.1/soc/socket.html
    [HTTP_ACCEPT_ENCODING] => gzip, deflate, sdch
    [HTTP_ACCEPT_LANGUAGE] => ru-RU,ru;q=0.8,en-US;q=0.6,en;q=0.4
    [HTTP_COOKIE] => acms[auth]=0d608a986f52b1309a29ddb2f21a3aef; _ym_uid=1456070500998202760; email=madbizarre%40yandex.ru; password=j3qq4h7h2v; __utma=96992031.1574350433.1456070501.1456070501.1456070501.1; __utmz=96992031.1456070501.1.1.utmcsr=(direct)|utmccn=(direct)|utmcmd=(none); _ga=GA1.1.1574350433.1456070501
    [PATH] => C:\Windows\system32;C:\Windows;C:\Windows\System32\Wbem;C:\Windows\System32\WindowsPowerShell\v1.0\;C:\Program Files (x86)\NVIDIA Corporation\PhysX\Common;C:\Program Files\Git\cmd;C:\Program Files (x86)\Skype\Phone\
    [SystemRoot] => C:\Windows
    [COMSPEC] => C:\Windows\system32\cmd.exe
    [PATHEXT] => .COM;.EXE;.BAT;.CMD;.VBS;.VBE;.JS;.JSE;.WSF;.WSH;.MSC
    [WINDIR] => C:\Windows
    [SERVER_SIGNATURE] => <address>Apache/2.4.7 (Win32) OpenSSL/1.0.1e PHP/5.5.9 Server at 127.0.0.1 Port 80</address>

    [SERVER_SOFTWARE] => Apache/2.4.7 (Win32) OpenSSL/1.0.1e PHP/5.5.9
    [SERVER_NAME] => 127.0.0.1
    [SERVER_ADDR] => 127.0.0.1
    [SERVER_PORT] => 80
    [REMOTE_ADDR] => 127.0.0.1
    [DOCUMENT_ROOT] => D:/xampp/htdocs
    [REQUEST_SCHEME] => http
    [CONTEXT_PREFIX] => 
    [CONTEXT_DOCUMENT_ROOT] => D:/xampp/htdocs
    [SERVER_ADMIN] => postmaster@localhost
    [SCRIPT_FILENAME] => D:/xampp/htdocs/index.php
    [REMOTE_PORT] => 54740
    [REDIRECT_URL] => /favicon.ico
    [GATEWAY_INTERFACE] => CGI/1.1
    [SERVER_PROTOCOL] => HTTP/1.1
    [REQUEST_METHOD] => GET
    [QUERY_STRING] => 
    [REQUEST_URI] => /favicon.ico
    [SCRIPT_NAME] => /index.php
    [PATH_INFO] => /favicon.ico
    [PATH_TRANSLATED] => redirect:\index.php\favicon.ico
    [PHP_SELF] => /index.php/favicon.ico
    [REQUEST_TIME_FLOAT] => 1457529847.383
    [REQUEST_TIME] => 1457529847
)

$_GET = Array
(
)

$_POST = Array
(
)

$_COOKIE = Array
(
    [acms] => Array
        (
            [auth] => 0d608a986f52b1309a29ddb2f21a3aef
        )

    [_ym_uid] => 1456070500998202760
    [email] => madbizarre@yandex.ru
    [password] => j3qq4h7h2v
    [__utma] => 96992031.1574350433.1456070501.1456070501.1456070501.1
    [__utmz] => 96992031.1456070501.1.1.utmcsr=(direct)|utmccn=(direct)|utmcmd=(none)
    [_ga] => GA1.1.1574350433.1456070501
)

$_SESSION = Array
(
    [currency] => byr
)
==================================
==================================
Date: 09-03-2016 16:40:22
Message: Страница не существует
------------------
VARS

$_SERVER = Array
(
    [REDIRECT_MIBDIRS] => D:/xampp/php/extras/mibs
    [REDIRECT_MYSQL_HOME] => \xampp\mysql\bin
    [REDIRECT_OPENSSL_CONF] => D:/xampp/apache/bin/openssl.cnf
    [REDIRECT_PHP_PEAR_SYSCONF_DIR] => \xampp\php
    [REDIRECT_PHPRC] => \xampp\php
    [REDIRECT_TMP] => \xampp\tmp
    [REDIRECT_STATUS] => 200
    [MIBDIRS] => D:/xampp/php/extras/mibs
    [MYSQL_HOME] => \xampp\mysql\bin
    [OPENSSL_CONF] => D:/xampp/apache/bin/openssl.cnf
    [PHP_PEAR_SYSCONF_DIR] => \xampp\php
    [PHPRC] => \xampp\php
    [TMP] => \xampp\tmp
    [HTTP_HOST] => 127.0.0.1
    [HTTP_CONNECTION] => keep-alive
    [HTTP_ACCEPT] => */*
    [HTTP_USER_AGENT] => Mozilla/5.0 (Windows NT 6.3; WOW64) AppleWebKit/537.36 (KHTML, like Gecko) Chrome/47.0.2526.111 YaBrowser/16.2.0.3539 Safari/537.36
    [HTTP_ACCEPT_ENCODING] => gzip, deflate, sdch
    [HTTP_ACCEPT_LANGUAGE] => ru,en;q=0.8
    [HTTP_COOKIE] => _ga=GA1.1.134904155.1456764147
    [PATH] => C:\Windows\system32;C:\Windows;C:\Windows\System32\Wbem;C:\Windows\System32\WindowsPowerShell\v1.0\;C:\Program Files (x86)\NVIDIA Corporation\PhysX\Common;C:\Program Files\Git\cmd;C:\Program Files (x86)\Skype\Phone\
    [SystemRoot] => C:\Windows
    [COMSPEC] => C:\Windows\system32\cmd.exe
    [PATHEXT] => .COM;.EXE;.BAT;.CMD;.VBS;.VBE;.JS;.JSE;.WSF;.WSH;.MSC
    [WINDIR] => C:\Windows
    [SERVER_SIGNATURE] => <address>Apache/2.4.7 (Win32) OpenSSL/1.0.1e PHP/5.5.9 Server at 127.0.0.1 Port 80</address>

    [SERVER_SOFTWARE] => Apache/2.4.7 (Win32) OpenSSL/1.0.1e PHP/5.5.9
    [SERVER_NAME] => 127.0.0.1
    [SERVER_ADDR] => 127.0.0.1
    [SERVER_PORT] => 80
    [REMOTE_ADDR] => 127.0.0.1
    [DOCUMENT_ROOT] => D:/xampp/htdocs
    [REQUEST_SCHEME] => http
    [CONTEXT_PREFIX] => 
    [CONTEXT_DOCUMENT_ROOT] => D:/xampp/htdocs
    [SERVER_ADMIN] => postmaster@localhost
    [SCRIPT_FILENAME] => D:/xampp/htdocs/index.php
    [REMOTE_PORT] => 55062
    [REDIRECT_URL] => /favicon.ico
    [GATEWAY_INTERFACE] => CGI/1.1
    [SERVER_PROTOCOL] => HTTP/1.1
    [REQUEST_METHOD] => GET
    [QUERY_STRING] => 
    [REQUEST_URI] => /favicon.ico
    [SCRIPT_NAME] => /index.php
    [PATH_INFO] => /favicon.ico
    [PATH_TRANSLATED] => redirect:\index.php\favicon.ico
    [PHP_SELF] => /index.php/favicon.ico
    [REQUEST_TIME_FLOAT] => 1457530822.51
    [REQUEST_TIME] => 1457530822
)

$_GET = Array
(
)

$_POST = Array
(
)

$_COOKIE = Array
(
    [_ga] => GA1.1.134904155.1456764147
)

$_SESSION = Array
(
    [currency] => byr
)
==================================
==================================
Date: 09-03-2016 17:48:13
Message: Страница не существует
------------------
VARS

$_SERVER = Array
(
    [REDIRECT_MIBDIRS] => D:/xampp/php/extras/mibs
    [REDIRECT_MYSQL_HOME] => \xampp\mysql\bin
    [REDIRECT_OPENSSL_CONF] => D:/xampp/apache/bin/openssl.cnf
    [REDIRECT_PHP_PEAR_SYSCONF_DIR] => \xampp\php
    [REDIRECT_PHPRC] => \xampp\php
    [REDIRECT_TMP] => \xampp\tmp
    [REDIRECT_STATUS] => 200
    [MIBDIRS] => D:/xampp/php/extras/mibs
    [MYSQL_HOME] => \xampp\mysql\bin
    [OPENSSL_CONF] => D:/xampp/apache/bin/openssl.cnf
    [PHP_PEAR_SYSCONF_DIR] => \xampp\php
    [PHPRC] => \xampp\php
    [TMP] => \xampp\tmp
    [HTTP_HOST] => 127.0.0.1
    [HTTP_USER_AGENT] => Mozilla/5.0 (Windows NT 6.3; WOW64; rv:44.0) Gecko/20100101 Firefox/44.0
    [HTTP_ACCEPT] => */*
    [HTTP_ACCEPT_LANGUAGE] => ru-RU,ru;q=0.8,en-US;q=0.5,en;q=0.3
    [HTTP_ACCEPT_ENCODING] => gzip, deflate
    [HTTP_REFERER] => http://127.0.0.1/soc/client.html
    [HTTP_COOKIE] => login=madbizarre; pass=j3qq4h7h2v; _ym_uid=1446466934979138347; jv_visits_count_SnnfODl38I=2; jv_client_id_SnnfODl38I=7551.0ZmbjiUCF6PZh53L%2F1h7W2lPFyK7TbRiEB1S88wHk5A; _ga=GA1.1.856071082.1446640200; email=madbizarre%40yandex.ru; __utma=96992031.856071082.1446640200.1456078081.1456133645.9; __utmz=96992031.1455453106.1.1.utmcsr=(direct)|utmccn=(direct)|utmcmd=(none); password=j3qq4h7h2v; _identity=8f5b116f06c0faea7bb8999185d7ea7fea06bcd6d8093d64a0b12c4b0a068e0ba%3A2%3A%7Bi%3A0%3Bs%3A9%3A%22_identity%22%3Bi%3A1%3Bs%3A46%3A%22%5B1%2C%22wJOn0cNP5UNzTWwaj_okpAUAO5H2owA4%22%2C2592000%5D%22%3B%7D; acms[auth]=a33193a7f023b1c2fdbe5ef979325f98; PHPSESSID=42f0fg3fch0ugfv8qkthtj2626
    [HTTP_CONNECTION] => keep-alive
    [PATH] => C:\Windows\system32;C:\Windows;C:\Windows\System32\Wbem;C:\Windows\System32\WindowsPowerShell\v1.0\;C:\Program Files (x86)\NVIDIA Corporation\PhysX\Common;C:\Program Files\Git\cmd;C:\Program Files (x86)\Skype\Phone\
    [SystemRoot] => C:\Windows
    [COMSPEC] => C:\Windows\system32\cmd.exe
    [PATHEXT] => .COM;.EXE;.BAT;.CMD;.VBS;.VBE;.JS;.JSE;.WSF;.WSH;.MSC
    [WINDIR] => C:\Windows
    [SERVER_SIGNATURE] => <address>Apache/2.4.7 (Win32) OpenSSL/1.0.1e PHP/5.5.9 Server at 127.0.0.1 Port 80</address>

    [SERVER_SOFTWARE] => Apache/2.4.7 (Win32) OpenSSL/1.0.1e PHP/5.5.9
    [SERVER_NAME] => 127.0.0.1
    [SERVER_ADDR] => 127.0.0.1
    [SERVER_PORT] => 80
    [REMOTE_ADDR] => 127.0.0.1
    [DOCUMENT_ROOT] => D:/xampp/htdocs
    [REQUEST_SCHEME] => http
    [CONTEXT_PREFIX] => 
    [CONTEXT_DOCUMENT_ROOT] => D:/xampp/htdocs
    [SERVER_ADMIN] => postmaster@localhost
    [SCRIPT_FILENAME] => D:/xampp/htdocs/index.php
    [REMOTE_PORT] => 56183
    [REDIRECT_URL] => /soc/socket.io/socket.io.js
    [GATEWAY_INTERFACE] => CGI/1.1
    [SERVER_PROTOCOL] => HTTP/1.1
    [REQUEST_METHOD] => GET
    [QUERY_STRING] => 
    [REQUEST_URI] => /soc/socket.io/socket.io.js
    [SCRIPT_NAME] => /index.php
    [PATH_INFO] => /soc/socket.io/socket.io.js
    [PATH_TRANSLATED] => redirect:\index.php\soc\socket.io\socket.io.js\socket.io.js
    [PHP_SELF] => /index.php/soc/socket.io/socket.io.js
    [REQUEST_TIME_FLOAT] => 1457534893.783
    [REQUEST_TIME] => 1457534893
)

$_GET = Array
(
    [socket.io] => 
    [socket.io.js] => 
)

$_POST = Array
(
)

$_COOKIE = Array
(
    [login] => madbizarre
    [pass] => j3qq4h7h2v
    [_ym_uid] => 1446466934979138347
    [jv_visits_count_SnnfODl38I] => 2
    [jv_client_id_SnnfODl38I] => 7551.0ZmbjiUCF6PZh53L/1h7W2lPFyK7TbRiEB1S88wHk5A
    [_ga] => GA1.1.856071082.1446640200
    [email] => madbizarre@yandex.ru
    [__utma] => 96992031.856071082.1446640200.1456078081.1456133645.9
    [__utmz] => 96992031.1455453106.1.1.utmcsr=(direct)|utmccn=(direct)|utmcmd=(none)
    [password] => j3qq4h7h2v
    [_identity] => 8f5b116f06c0faea7bb8999185d7ea7fea06bcd6d8093d64a0b12c4b0a068e0ba:2:{i:0;s:9:"_identity";i:1;s:46:"[1,"wJOn0cNP5UNzTWwaj_okpAUAO5H2owA4",2592000]";}
    [acms] => Array
        (
            [auth] => a33193a7f023b1c2fdbe5ef979325f98
        )

    [PHPSESSID] => 42f0fg3fch0ugfv8qkthtj2626
)

$_SESSION = Array
(
    [isLoggedIn] => Array
        (
            [id] => 3
            [login] => system
            [password] => 5bde6a8e31ef61f98a40baf5eee31b08
            [email] => madbizarre@yandex.ru
            [fio] => Сергей
            [active] => 1
            [id_access] => 1
            [id_courier] => 0
            [id_kassa] => 0
            [id_kassa_tree] => 33
            [id_manager] => 42
        )

    [collection] => Array
        (
            [2180-2-1] => Array
                (
                    [id] => 2180
                    [title] => Оранжерия Стандарт (20х20) - Купить в Минске
                    [keywords] => 
                    [description] => Оранжерия Стандарт (20х20) -
                    [prioritet] => 21
                    [id_currency] => 3
                    [date_end] => 2016-02-01
                    [name] => Оранжерия Стандарт (20х20) 3 х 6 х 2,1 с поликарбонатом
                    [cena] => 1050
                    [cena_blr] => 0
                    [cena_old] => 0
                    [cena_blr_old] => 0
                    [pw_cena] => 0
                    [pw_cena_blr] => 0
                    [new] => 0
                    [hit] => 0
                    [spec_pred] => 1
                    [tovar_nedeli] => 0
                    [expert] => 0
                    [active] => 1
                    [raffle] => 0
                    [short_description] => 
                    [full_description] => 
                    [instructions] => <p><span style="font-family: 'Trebuchet MS', sans-serif; font-size: 14.6667px; font-style: normal; font-variant: normal; font-weight: normal; line-height: 16.8667px;">Стойността на всяка отделна доставка се изчислява от куриерската компания и зависи от населеното място. Parnici.bg поема 50% от стойността на доставката, другите 50% се поемат от клиента.</span></p>
                    [dop_text] => 
                    [path] => oranzheriya-standart-20-20
                    [pohozhie] => ,pohozhieId1969,pohozhieId2151
                    [soput] => ,soputId90,soputId1210,soputId1997,soputId2181
                    [podarok] => 
                    [komplect] => ,komplectId2180,komplectId2181,komplectId90
                    [id_maker] => 0
                    [id_prefix] => 14
                    [id_char] => 0
                    [paid] => 0
                    [status] => 1
                    [video_url] => 
                    [importer] => 
                    [serv_centr] => 
                    [cost_dostavka] => 0
                    [srok_city] => 
                    [srok_country] => 
                    [vid_complect] => 1
                    [cena_rozn_usd] => 750
                    [cena_rozn_blr] => 2500000
                    [cena_rozn1_usd] => 0
                    [cena_rozn1_blr] => 0
                    [cena_diler1_usd] => 0
                    [cena_diler1_blr] => 0
                    [cena_diler2_usd] => 0
                    [cena_diler2_blr] => 0
                    [cena_diler3_usd] => 0
                    [cena_diler3_blr] => 0
                    [show_opt] => 1
                    [kolvo] => 2
                    [image_path] => Oranzheriya_Standart__TC-1_20h20__2.jpg
                    [id_gift] => 
                    [rezerv] => 0
                    [date_rezerv] => 
                    [predzakaz] => 0
                    [id_postavshik] => 0
                    [date_predzakaz] => 
                    [skidka] => 0
                    [skidka_procent] => 0
                    [doplata] => 0
                    [dostavka] => 0
                    [id_item] => 2180-2-1
                    [complect] => 
                    [id_razmer] => 
                    [pid] => 2180
                    [summa] => 
                    [complect_razmer] => 2
                    [poly] => 210
                )

        )

    [user] => Array
        (
            [id] => 3
        )

    [currency] => byr
)
==================================
